<?xml version="1.0" encoding="UTF-8"?>
<testng-results skipped="3" failed="0" total="3" passed="0">
  <reporter-output>
  </reporter-output>
  <suite name="com.amazon.project.tests.MobileSelectionTest" duration-ms="164" started-at="2018-05-20T08:36:08Z" finished-at="2018-05-20T08:36:08Z">
    <groups>
    </groups>
    <test name="Command line test" duration-ms="164" started-at="2018-05-20T08:36:08Z" finished-at="2018-05-20T08:36:08Z">
      <class name="com.amazon.project.tests.MobileSelectionTest">
        <test-method status="FAIL" signature="launchBrowser()[pri:0, instance:com.amazon.project.tests.MobileSelectionTest@19dfb72a]" name="launchBrowser" is-config="true" duration-ms="0" started-at="2018-05-20T14:06:08Z" finished-at="2018-05-20T14:06:08Z">
          <exception class="java.lang.IllegalStateException">
            <message>
              <![CDATA[The path to the driver executable must be set by the webdriver.gecko.driver system property; for more information, see https://github.com/mozilla/geckodriver. The latest version can be downloaded from https://github.com/mozilla/geckodriver/releases]]>
            </message>
            <full-stacktrace>
              <![CDATA[java.lang.IllegalStateException: The path to the driver executable must be set by the webdriver.gecko.driver system property; for more information, see https://github.com/mozilla/geckodriver. The latest version can be downloaded from https://github.com/mozilla/geckodriver/releases
	at com.google.common.base.Preconditions.checkState(Preconditions.java:847)
	at org.openqa.selenium.remote.service.DriverService.findExecutable(DriverService.java:124)
	at org.openqa.selenium.firefox.GeckoDriverService.access$100(GeckoDriverService.java:41)
	at org.openqa.selenium.firefox.GeckoDriverService$Builder.findDefaultExecutable(GeckoDriverService.java:141)
	at org.openqa.selenium.remote.service.DriverService$Builder.build(DriverService.java:339)
	at org.openqa.selenium.firefox.FirefoxDriver.toExecutor(FirefoxDriver.java:158)
	at org.openqa.selenium.firefox.FirefoxDriver.<init>(FirefoxDriver.java:120)
	at org.openqa.selenium.firefox.FirefoxDriver.<init>(FirefoxDriver.java:98)
	at com.amazon.project.driver.DriverManager.launchBrowser(DriverManager.java:14)
	at com.amazon.project.tests.MobileSelectionTest.launchBrowser(MobileSelectionTest.java:21)
	at sun.reflect.NativeMethodAccessorImpl.invoke0(Native Method)
	at sun.reflect.NativeMethodAccessorImpl.invoke(NativeMethodAccessorImpl.java:62)
	at sun.reflect.DelegatingMethodAccessorImpl.invoke(DelegatingMethodAccessorImpl.java:43)
	at java.lang.reflect.Method.invoke(Method.java:498)
	at org.testng.internal.MethodInvocationHelper.invokeMethod(MethodInvocationHelper.java:85)
	at org.testng.internal.Invoker.invokeConfigurationMethod(Invoker.java:517)
	at org.testng.internal.Invoker.invokeConfigurations(Invoker.java:213)
	at org.testng.internal.Invoker.invokeConfigurations(Invoker.java:140)
	at org.testng.TestRunner.beforeRun(TestRunner.java:645)
	at org.testng.TestRunner.run(TestRunner.java:613)
	at org.testng.SuiteRunner.runTest(SuiteRunner.java:357)
	at org.testng.SuiteRunner.runSequentially(SuiteRunner.java:352)
	at org.testng.SuiteRunner.privateRun(SuiteRunner.java:310)
	at org.testng.SuiteRunner.run(SuiteRunner.java:259)
	at org.testng.SuiteRunnerWorker.runSuite(SuiteRunnerWorker.java:52)
	at org.testng.SuiteRunnerWorker.run(SuiteRunnerWorker.java:86)
	at org.testng.TestNG.runSuitesSequentially(TestNG.java:1199)
	at org.testng.TestNG.runSuitesLocally(TestNG.java:1124)
	at org.testng.TestNG.run(TestNG.java:1032)
	at org.apache.maven.surefire.testng.TestNGExecutor.run(TestNGExecutor.java:77)
	at org.apache.maven.surefire.testng.TestNGDirectoryTestSuite.execute(TestNGDirectoryTestSuite.java:110)
	at org.apache.maven.surefire.testng.TestNGProvider.invoke(TestNGProvider.java:106)
	at sun.reflect.NativeMethodAccessorImpl.invoke0(Native Method)
	at sun.reflect.NativeMethodAccessorImpl.invoke(NativeMethodAccessorImpl.java:62)
	at sun.reflect.DelegatingMethodAccessorImpl.invoke(DelegatingMethodAccessorImpl.java:43)
	at java.lang.reflect.Method.invoke(Method.java:498)
	at org.apache.maven.surefire.util.ReflectionUtils.invokeMethodWithArray(ReflectionUtils.java:189)
	at org.apache.maven.surefire.booter.ProviderFactory$ProviderProxy.invoke(ProviderFactory.java:165)
	at org.apache.maven.surefire.booter.ProviderFactory.invokeProvider(ProviderFactory.java:85)
	at org.apache.maven.surefire.booter.ForkedBooter.runSuitesInProcess(ForkedBooter.java:115)
	at org.apache.maven.surefire.booter.ForkedBooter.main(ForkedBooter.java:75)
]]>
            </full-stacktrace>
          </exception> <!-- java.lang.IllegalStateException -->
          <reporter-output>
          </reporter-output>
        </test-method> <!-- launchBrowser -->
        <test-method status="SKIP" signature="gotomainmenu()[pri:0, instance:com.amazon.project.tests.MobileSelectionTest@19dfb72a]" name="gotomainmenu" duration-ms="0" started-at="2018-05-20T14:06:08Z" finished-at="2018-05-20T14:06:08Z">
          <reporter-output>
          </reporter-output>
        </test-method> <!-- gotomainmenu -->
        <test-method status="SKIP" signature="selectPhoneCategory()[pri:0, instance:com.amazon.project.tests.MobileSelectionTest@19dfb72a]" name="selectPhoneCategory" duration-ms="0" started-at="2018-05-20T14:06:08Z" finished-at="2018-05-20T14:06:08Z">
          <reporter-output>
          </reporter-output>
        </test-method> <!-- selectPhoneCategory -->
        <test-method status="SKIP" signature="mobileSelectionRange()[pri:0, instance:com.amazon.project.tests.MobileSelectionTest@19dfb72a]" name="mobileSelectionRange" duration-ms="0" started-at="2018-05-20T14:06:08Z" finished-at="2018-05-20T14:06:08Z">
          <reporter-output>
          </reporter-output>
        </test-method> <!-- mobileSelectionRange -->
      </class> <!-- com.amazon.project.tests.MobileSelectionTest -->
    </test> <!-- Command line test -->
  </suite> <!-- com.amazon.project.tests.MobileSelectionTest -->
</testng-results>
