<?xml version="1.0" encoding="UTF-8"?>
<testng-results skipped="3" failed="0" total="3" passed="0">
  <reporter-output>
  </reporter-output>
  <suite name="Default suite" duration-ms="82" started-at="2018-05-21T17:29:55Z" finished-at="2018-05-21T17:29:55Z">
    <groups>
    </groups>
    <test name="Default test" duration-ms="82" started-at="2018-05-21T17:29:55Z" finished-at="2018-05-21T17:29:55Z">
      <class name="com.amazon.project.tests.MobileSelectionTest">
        <test-method status="FAIL" signature="launchBrowser()[pri:0, instance:com.amazon.project.tests.MobileSelectionTest@7f9a81e8]" name="launchBrowser" is-config="true" duration-ms="0" started-at="2018-05-21T22:59:55Z" finished-at="2018-05-21T22:59:55Z">
          <exception class="java.lang.IllegalStateException">
            <message>
              <![CDATA[The path to the driver executable must be set by the webdriver.chrome.driver system property; for more information, see https://github.com/SeleniumHQ/selenium/wiki/ChromeDriver. The latest version can be downloaded from http://chromedriver.storage.googleapis.com/index.html]]>
            </message>
            <full-stacktrace>
              <![CDATA[java.lang.IllegalStateException: The path to the driver executable must be set by the webdriver.chrome.driver system property; for more information, see https://github.com/SeleniumHQ/selenium/wiki/ChromeDriver. The latest version can be downloaded from http://chromedriver.storage.googleapis.com/index.html
	at com.google.common.base.Preconditions.checkState(Preconditions.java:847)
	at org.openqa.selenium.remote.service.DriverService.findExecutable(DriverService.java:124)
	at org.openqa.selenium.chrome.ChromeDriverService.access$000(ChromeDriverService.java:32)
	at org.openqa.selenium.chrome.ChromeDriverService$Builder.findDefaultExecutable(ChromeDriverService.java:137)
	at org.openqa.selenium.remote.service.DriverService$Builder.build(DriverService.java:339)
	at org.openqa.selenium.chrome.ChromeDriverService.createDefaultService(ChromeDriverService.java:88)
	at org.openqa.selenium.chrome.ChromeDriver.<init>(ChromeDriver.java:123)
	at com.amazon.project.driver.DriverManager.launchBrowser(DriverManager.java:19)
	at com.amazon.project.tests.MobileSelectionTest.launchBrowser(MobileSelectionTest.java:21)
	at sun.reflect.NativeMethodAccessorImpl.invoke0(Native Method)
	at sun.reflect.NativeMethodAccessorImpl.invoke(NativeMethodAccessorImpl.java:62)
	at sun.reflect.DelegatingMethodAccessorImpl.invoke(DelegatingMethodAccessorImpl.java:43)
	at java.lang.reflect.Method.invoke(Method.java:498)
	at org.testng.internal.MethodInvocationHelper.invokeMethod(MethodInvocationHelper.java:85)
	at org.testng.internal.Invoker.invokeConfigurationMethod(Invoker.java:517)
	at org.testng.internal.Invoker.invokeConfigurations(Invoker.java:213)
	at org.testng.internal.Invoker.invokeConfigurations(Invoker.java:140)
	at org.testng.TestRunner.beforeRun(TestRunner.java:645)
	at org.testng.TestRunner.run(TestRunner.java:613)
	at org.testng.SuiteRunner.runTest(SuiteRunner.java:357)
	at org.testng.SuiteRunner.runSequentially(SuiteRunner.java:352)
	at org.testng.SuiteRunner.privateRun(SuiteRunner.java:310)
	at org.testng.SuiteRunner.run(SuiteRunner.java:259)
	at org.testng.SuiteRunnerWorker.runSuite(SuiteRunnerWorker.java:52)
	at org.testng.SuiteRunnerWorker.run(SuiteRunnerWorker.java:86)
	at org.testng.TestNG.runSuitesSequentially(TestNG.java:1199)
	at org.testng.TestNG.runSuitesLocally(TestNG.java:1124)
	at org.testng.TestNG.run(TestNG.java:1032)
	at org.testng.remote.AbstractRemoteTestNG.run(AbstractRemoteTestNG.java:114)
	at org.testng.remote.RemoteTestNG.initAndRun(RemoteTestNG.java:251)
	at org.testng.remote.RemoteTestNG.main(RemoteTestNG.java:77)
]]>
            </full-stacktrace>
          </exception> <!-- java.lang.IllegalStateException -->
          <reporter-output>
          </reporter-output>
        </test-method> <!-- launchBrowser -->
        <test-method status="SKIP" signature="gotomainmenu()[pri:0, instance:com.amazon.project.tests.MobileSelectionTest@7f9a81e8]" name="gotomainmenu" duration-ms="1" started-at="2018-05-21T22:59:55Z" finished-at="2018-05-21T22:59:55Z">
          <reporter-output>
          </reporter-output>
        </test-method> <!-- gotomainmenu -->
        <test-method status="SKIP" signature="selectPhoneCategory()[pri:0, instance:com.amazon.project.tests.MobileSelectionTest@7f9a81e8]" name="selectPhoneCategory" duration-ms="1" started-at="2018-05-21T22:59:55Z" finished-at="2018-05-21T22:59:55Z">
          <reporter-output>
          </reporter-output>
        </test-method> <!-- selectPhoneCategory -->
        <test-method status="SKIP" signature="mobileSelectionRange()[pri:0, instance:com.amazon.project.tests.MobileSelectionTest@7f9a81e8]" name="mobileSelectionRange" duration-ms="1" started-at="2018-05-21T22:59:55Z" finished-at="2018-05-21T22:59:55Z">
          <reporter-output>
          </reporter-output>
        </test-method> <!-- mobileSelectionRange -->
      </class> <!-- com.amazon.project.tests.MobileSelectionTest -->
    </test> <!-- Default test -->
  </suite> <!-- Default suite -->
</testng-results>
