<?xml version="1.0" encoding="UTF-8"?>
<testng-results skipped="0" failed="0" ignored="0" total="1" passed="1">
  <reporter-output>
  </reporter-output>
  <suite name="Default suite" duration-ms="29402" started-at="2018-05-08T12:56:06Z" finished-at="2018-05-08T12:56:35Z">
    <groups>
    </groups>
    <test name="Default test" duration-ms="29402" started-at="2018-05-08T12:56:06Z" finished-at="2018-05-08T12:56:35Z">
      <class name="com.shoppingcart.testscripts.TC_003_AccountDetailsUpdation">
        <test-method status="PASS" signature="init(java.lang.String)[pri:0, instance:com.shoppingcart.testscripts.TC_003_AccountDetailsUpdation@12d3a4e9]" name="init" is-config="true" duration-ms="10783" started-at="2018-05-08T18:26:06Z" finished-at="2018-05-08T18:26:17Z">
          <params>
            <param index="0">
              <value>
                <![CDATA[firefox]]>
              </value>
            </param>
          </params>
          <reporter-output>
          </reporter-output>
        </test-method> <!-- init -->
        <test-method status="PASS" signature="updateAcountDetailsForCustomer()[pri:0, instance:com.shoppingcart.testscripts.TC_003_AccountDetailsUpdation@12d3a4e9]" name="updateAcountDetailsForCustomer" duration-ms="18606" started-at="2018-05-08T18:26:17Z" finished-at="2018-05-08T18:26:35Z">
          <reporter-output>
          </reporter-output>
        </test-method> <!-- updateAcountDetailsForCustomer -->
      </class> <!-- com.shoppingcart.testscripts.TC_003_AccountDetailsUpdation -->
    </test> <!-- Default test -->
  </suite> <!-- Default suite -->
</testng-results>
